2025-02-19 18:24:37,158 - Habit added: Read Book
2025-02-19 18:24:40,099 - Logged: Read Book on 2025-02-19
2025-02-19 18:25:01,104 - Habit added: Meditation
2025-02-19 18:25:03,606 - Logged: Meditation on 2025-02-19
2025-02-19 19:26:35,720 - Habit added: Morning Run
2025-02-19 19:26:35,720 - Habit added: Read a Book
2025-02-19 19:26:35,720 - Logged: Morning Run on 2025-02-19
2025-02-19 19:26:35,720 - Logged: Read a Book on 2025-02-19
2025-02-19 19:28:39,978 - Habit added: Complete CS50P
2025-02-19 19:28:47,524 - Logged: Complete CS50P on 2025-02-19
2025-02-19 19:48:17,352 - Habit added: Read a Book
2025-02-19 19:48:28,903 - Habit added: Meditate
2025-02-19 19:48:52,456 - Habit added: Eat food
2025-02-19 19:48:54,511 - Logged: Read a Book on 2025-02-19
2025-02-19 19:48:56,687 - Logged: Meditate on 2025-02-19
2025-02-19 19:48:58,532 - Logged: Eat food on 2025-02-19
2025-02-19 19:49:15,767 - Habit added: Morning Run
2025-02-19 19:49:15,767 - Habit added: Meditation
2025-02-19 19:49:15,770 - Logged: Morning Run on 2025-02-19
2025-02-19 19:50:08,512 - Habit added: Read a Book
2025-02-19 19:50:15,708 - Habit added: Meditate
2025-02-19 19:50:23,679 - Habit added: Morning Walk
2025-02-19 19:50:29,826 - Logged: Read a Book on 2025-02-19
2025-02-19 19:50:34,593 - Logged: Meditate on 2025-02-19
2025-02-19 19:51:07,951 - Habit added: Morning Run
2025-02-19 19:51:07,951 - Habit added: Meditation
2025-02-19 19:51:07,959 - Logged: Morning Run on 2025-02-19
2025-02-20 16:30:03,649 - Habit added: Read a Book
2025-02-20 16:30:20,766 - Habit added: Meditate
2025-02-20 16:30:37,488 - Habit added: Morning Walk
2025-02-20 16:30:45,006 - Logged: Read a Book on 2025-02-20
2025-02-20 16:30:48,147 - Logged: Meditate on 2025-02-20
2025-02-20 16:34:26,610 - Habit added: Morning Run
2025-02-20 16:34:26,610 - Habit added: Meditation
2025-02-20 16:34:26,618 - Logged: Morning Run on 2025-02-20
